#
# A fatal error has been detected by the Java Runtime Environment:
#
#  EXCEPTION_ACCESS_VIOLATION (0xc0000005) at pc=0x00000000755f0e14, pid=9316, tid=0x0000000000001d60
#
# JRE version: OpenJDK Runtime Environment (8.0_242-b01) (build 1.8.0_242-release-1644-b01)
# Java VM: OpenJDK 64-Bit Server VM (25.242-b01 mixed mode windows-amd64 compressed oops)
# Problematic frame:
# V  [jvm.dll+0x500e14]
#
# Failed to write core dump. Minidumps are not enabled by default on client versions of Windows
#
# If you would like to submit a bug report, please visit:
#   
#

---------------  T H R E A D  ---------------

Current thread (0x00000000173c6000):  JavaThread "C2 CompilerThread0" daemon [_thread_in_native, id=7520, stack(0x0000000018a10000,0x0000000018b10000)]

siginfo: ExceptionCode=0xc0000005, reading address 0x0000000000000033

Registers:
RAX=0x0000000000000001, RBX=0x000000001b0d9f00, RCX=0x000000001df7b0d8, RDX=0x0000000000000023
RSP=0x0000000018b0b700, RBP=0x0000000000000030, RSI=0x0000000018e30ae0, RDI=0x0000000000000003
R8 =0x000000001df7b0d8, R9 =0x0000000000000000, R10=0x00000000755ad007, R11=0x0000000019f67a40
R12=0x000000001df7b0d8, R13=0x0000000000000000, R14=0x0000000000005de2, R15=0x000000001df7b0d8
RIP=0x00000000755f0e14, EFLAGS=0x0000000000010206

Top of Stack: (sp=0x0000000018b0b700)
0x0000000018b0b700:   000000001df7b078 0000000018e712b0
0x0000000018b0b710:   000000001df7b0d8 00000000755fcd5e
0x0000000018b0b720:   0000000018b0e868 00000000755fcd5e
0x0000000018b0b730:   000000001dc55020 0000000000000020
0x0000000018b0b740:   000000001dc55370 00000000755b8025
0x0000000018b0b750:   0000000018b0e868 00000000755f224e
0x0000000018b0b760:   000000001dc54f50 000000001dc551f8
0x0000000018b0b770:   000000001dc554a0 0000000018b0c5a0
0x0000000018b0b780:   000000001dc55520 00000000755f23e4
0x0000000018b0b790:   000000001df7b0d8 0000000018e712b0
0x0000000018b0b7a0:   0000000018e30ae0 0000000000000000
0x0000000018b0b7b0:   000000001dc55520 00000000755ad1a2
0x0000000018b0b7c0:   0000000018b0e6d0 000000001dc555b0
0x0000000018b0b7d0:   000000001dc55520 000000001dc54f50
0x0000000018b0b7e0:   00000000197dc828 0000000000000000
0x0000000018b0b7f0:   0000000019824ed8 0000000000000000 

Instructions: (pc=0x00000000755f0e14)
0x00000000755f0df4:   00 e8 46 fe ff ff 48 8b 7c 24 30 48 8b 5c 24 38
0x00000000755f0e04:   48 83 c4 20 5e c3 cc cc cc cc cc cc 48 83 ec 28
0x00000000755f0e14:   8b 42 10 39 41 10 74 0a b8 01 00 00 00 48 83 c4
0x00000000755f0e24:   28 c3 48 8b 01 ff 10 33 c9 84 c0 0f 94 c1 8b c1 


Register to memory mapping:

RAX=0x0000000000000001 is an unknown value
RBX=0x000000001b0d9f00 is an unknown value
RCX=0x000000001df7b0d8 is an unknown value
RDX=0x0000000000000023 is an unknown value
RSP=0x0000000018b0b700 is pointing into the stack for thread: 0x00000000173c6000
RBP=0x0000000000000030 is an unknown value
RSI=0x0000000018e30ae0 is an unknown value
RDI=0x0000000000000003 is an unknown value
R8 =0x000000001df7b0d8 is an unknown value
R9 =0x0000000000000000 is an unknown value
R10=0x00000000755ad007 is an unknown value
R11=0x0000000019f67a40 is an unknown value
R12=0x000000001df7b0d8 is an unknown value
R13=0x0000000000000000 is an unknown value
R14=0x0000000000005de2 is an unknown value
R15=0x000000001df7b0d8 is an unknown value


Stack: [0x0000000018a10000,0x0000000018b10000],  sp=0x0000000018b0b700,  free space=1005k
Native frames: (J=compiled Java code, j=interpreted, Vv=VM code, C=native code)
V  [jvm.dll+0x500e14]
V  [jvm.dll+0x50cd5e]
V  [jvm.dll+0x5023e4]
V  [jvm.dll+0x4bd1a2]
V  [jvm.dll+0x4b116b]
V  [jvm.dll+0x4b216f]
V  [jvm.dll+0x4b3699]
V  [jvm.dll+0x447205]
V  [jvm.dll+0x447f14]
V  [jvm.dll+0x42b072]
V  [jvm.dll+0x8230f]
V  [jvm.dll+0x82c7f]
V  [jvm.dll+0x220b7f]
V  [jvm.dll+0x27276a]
C  [msvcr100.dll+0x21d9f]
C  [msvcr100.dll+0x21e3b]
C  [KERNEL32.DLL+0x17034]
C  [ntdll.dll+0x52651]


Current CompileTask:
C2:   3976 1615       4       java.net.URLClassLoader$1::run (5 bytes)


---------------  P R O C E S S  ---------------

Java Threads: ( => current thread )
  0x000000001b285000 JavaThread "Cache worker for file hash cache (C:\Users\Haidy Hossam\.gradle\caches\6.5\fileHashes)" [_thread_blocked, id=3892, stack(0x000000001d430000,0x000000001d530000)]
  0x000000001b287000 JavaThread "File lock request listener" [_thread_in_native, id=2892, stack(0x000000001d330000,0x000000001d430000)]
  0x000000001b0dd800 JavaThread "Cache worker for journal cache (C:\Users\Haidy Hossam\.gradle\caches\journal-1)" [_thread_blocked, id=12712, stack(0x000000001d130000,0x000000001d230000)]
  0x00000000195b8800 JavaThread "Thread-9" [_thread_blocked, id=4664, stack(0x000000001ce30000,0x000000001cf30000)]
  0x0000000018dd2800 JavaThread "Stdin handler" [_thread_blocked, id=11852, stack(0x000000001cd30000,0x000000001ce30000)]
  0x00000000194aa800 JavaThread "Asynchronous log dispatcher for DefaultDaemonConnection: socket connection from /127.0.0.1:1074 to /127.0.0.1:1075" [_thread_blocked, id=7836, stack(0x000000001cc30000,0x000000001cd30000)]
  0x000000001951a000 JavaThread "Daemon worker" [_thread_in_vm, id=12036, stack(0x000000001cb30000,0x000000001cc30000)]
  0x00000000190e7800 JavaThread "Cancel handler" [_thread_blocked, id=3964, stack(0x000000001ca30000,0x000000001cb30000)]
  0x0000000019612000 JavaThread "Handler for socket connection from /127.0.0.1:1074 to /127.0.0.1:1075" [_thread_in_native, id=12248, stack(0x000000001c930000,0x000000001ca30000)]
  0x0000000019611800 JavaThread "Daemon" [_thread_blocked, id=11700, stack(0x000000001c830000,0x000000001c930000)]
  0x00000000193cb000 JavaThread "Daemon periodic checks" [_thread_blocked, id=12940, stack(0x000000001c530000,0x000000001c630000)]
  0x000000001afbe000 JavaThread "Incoming local TCP Connector on port 1074" [_thread_in_native, id=10808, stack(0x000000001c2f0000,0x000000001c3f0000)]
  0x000000001ab3c000 JavaThread "Daemon health stats" [_thread_blocked, id=11396, stack(0x000000001bcb0000,0x000000001bdb0000)]
  0x0000000018d39800 JavaThread "Service Thread" daemon [_thread_blocked, id=2444, stack(0x0000000019110000,0x0000000019210000)]
  0x00000000173cf800 JavaThread "C1 CompilerThread2" daemon [_thread_blocked, id=10720, stack(0x0000000018c10000,0x0000000018d10000)]
  0x00000000173ca000 JavaThread "C2 CompilerThread1" daemon [_thread_in_native, id=5916, stack(0x0000000018b10000,0x0000000018c10000)]
=>0x00000000173c6000 JavaThread "C2 CompilerThread0" daemon [_thread_in_native, id=7520, stack(0x0000000018a10000,0x0000000018b10000)]
  0x00000000173c4800 JavaThread "Attach Listener" daemon [_thread_blocked, id=4832, stack(0x0000000018910000,0x0000000018a10000)]
  0x00000000173c3000 JavaThread "Signal Dispatcher" daemon [_thread_blocked, id=12064, stack(0x0000000018810000,0x0000000018910000)]
  0x000000000279c000 JavaThread "Finalizer" daemon [_thread_blocked, id=13288, stack(0x0000000018610000,0x0000000018710000)]
  0x00000000173a9000 JavaThread "Reference Handler" daemon [_thread_blocked, id=9496, stack(0x0000000018510000,0x0000000018610000)]
  0x00000000026a2800 JavaThread "main" [_thread_blocked, id=10568, stack(0x0000000002580000,0x0000000002680000)]

Other Threads:
  0x0000000017385800 VMThread [stack: 0x0000000018410000,0x0000000018510000] [id=3764]
  0x000000001741e800 WatcherThread [stack: 0x0000000019210000,0x0000000019310000] [id=10904]

VM state:not at safepoint (normal execution)

VM Mutex/Monitor currently owned by a thread: None

heap address: 0x0000000080000000, size: 2048 MB, Compressed Oops mode: 32-bit
Narrow klass base: 0x0000000000000000, Narrow klass shift: 3
Compressed class space size: 1073741824 Address: 0x0000000100000000

Heap:
 PSYoungGen      total 56832K, used 31104K [0x00000000d5580000, 0x00000000d9480000, 0x0000000100000000)
  eden space 49152K, 47% used [0x00000000d5580000,0x00000000d6c64730,0x00000000d8580000)
  from space 7680K, 99% used [0x00000000d8580000,0x00000000d8cfba18,0x00000000d8d00000)
  to   space 7680K, 0% used [0x00000000d8d00000,0x00000000d8d00000,0x00000000d9480000)
 ParOldGen       total 130048K, used 1358K [0x0000000080000000, 0x0000000087f00000, 0x00000000d5580000)
  object space 130048K, 1% used [0x0000000080000000,0x0000000080153be0,0x0000000087f00000)
 Metaspace       used 17548K, capacity 18182K, committed 18560K, reserved 1064960K
  class space    used 2395K, capacity 2575K, committed 2688K, reserved 1048576K

Card table byte_map: [0x0000000011b60000,0x0000000011f70000] byte_map_base: 0x0000000011760000

Marking Bits: (ParMarkBitMap*) 0x00000000758bf030
 Begin Bits: [0x0000000012620000, 0x0000000014620000)
 End Bits:   [0x0000000014620000, 0x0000000016620000)

Polling page: 0x0000000000760000

CodeCache: size=245760Kb used=5885Kb max_used=5885Kb free=239874Kb
 bounds [0x00000000027a0000, 0x0000000002d70000, 0x00000000117a0000]
 total_blobs=2097 nmethods=1695 adapters=315
 compilation: enabled

Compilation events (10 events):
Event: 3.938 Thread 0x00000000173cf800 nmethod 1667 0x0000000002d4fed0 code [0x0000000002d50060, 0x0000000002d50498]
Event: 3.951 Thread 0x00000000173cf800 1669       3       com.google.common.base.Preconditions::checkNotNull (14 bytes)
Event: 3.952 Thread 0x00000000173cf800 nmethod 1669 0x0000000002d507d0 code [0x0000000002d50940, 0x0000000002d50b68]
Event: 3.954 Thread 0x00000000173cf800 1670       3       com.google.common.base.CharMatcher$Is::matches (14 bytes)
Event: 3.955 Thread 0x00000000173cf800 nmethod 1670 0x0000000002d50c50 code [0x0000000002d50da0, 0x0000000002d50f50]
Event: 3.955 Thread 0x00000000173cf800 1671       3       java.util.Collections$UnmodifiableCollection::<init> (22 bytes)
Event: 3.955 Thread 0x00000000173cf800 nmethod 1671 0x0000000002d50fd0 code [0x0000000002d51140, 0x0000000002d51408]
Event: 3.955 Thread 0x00000000173cf800 1672       3       java.util.Collections::unmodifiableList (27 bytes)
Event: 3.956 Thread 0x00000000173cf800 nmethod 1672 0x0000000002d51510 code [0x0000000002d516e0, 0x0000000002d51f38]
Event: 3.956 Thread 0x00000000173cf800 1676       3       com.google.common.base.CharMatcher::indexIn (48 bytes)

GC Heap History (6 events):
Event: 1.489 GC heap before
{Heap before GC invocations=1 (full 0):
 PSYoungGen      total 56832K, used 49152K [0x00000000d5580000, 0x00000000d9480000, 0x0000000100000000)
  eden space 49152K, 100% used [0x00000000d5580000,0x00000000d8580000,0x00000000d8580000)
  from space 7680K, 0% used [0x00000000d8d00000,0x00000000d8d00000,0x00000000d9480000)
  to   space 7680K, 0% used [0x00000000d8580000,0x00000000d8580000,0x00000000d8d00000)
 ParOldGen       total 130048K, used 0K [0x0000000080000000, 0x0000000087f00000, 0x00000000d5580000)
  object space 130048K, 0% used [0x0000000080000000,0x0000000080000000,0x0000000087f00000)
 Metaspace       used 7257K, capacity 7518K, committed 7680K, reserved 1056768K
  class space    used 890K, capacity 973K, committed 1024K, reserved 1048576K
Event: 1.496 GC heap after
Heap after GC invocations=1 (full 0):
 PSYoungGen      total 56832K, used 4670K [0x00000000d5580000, 0x00000000d9480000, 0x0000000100000000)
  eden space 49152K, 0% used [0x00000000d5580000,0x00000000d5580000,0x00000000d8580000)
  from space 7680K, 60% used [0x00000000d8580000,0x00000000d8a0f840,0x00000000d8d00000)
  to   space 7680K, 0% used [0x00000000d8d00000,0x00000000d8d00000,0x00000000d9480000)
 ParOldGen       total 130048K, used 8K [0x0000000080000000, 0x0000000087f00000, 0x00000000d5580000)
  object space 130048K, 0% used [0x0000000080000000,0x0000000080002000,0x0000000087f00000)
 Metaspace       used 7257K, capacity 7518K, committed 7680K, reserved 1056768K
  class space    used 890K, capacity 973K, committed 1024K, reserved 1048576K
}
Event: 2.790 GC heap before
{Heap before GC invocations=2 (full 0):
 PSYoungGen      total 56832K, used 53822K [0x00000000d5580000, 0x00000000d9480000, 0x0000000100000000)
  eden space 49152K, 100% used [0x00000000d5580000,0x00000000d8580000,0x00000000d8580000)
  from space 7680K, 60% used [0x00000000d8580000,0x00000000d8a0f840,0x00000000d8d00000)
  to   space 7680K, 0% used [0x00000000d8d00000,0x00000000d8d00000,0x00000000d9480000)
 ParOldGen       total 130048K, used 8K [0x0000000080000000, 0x0000000087f00000, 0x00000000d5580000)
  object space 130048K, 0% used [0x0000000080000000,0x0000000080002088,0x0000000087f00000)
 Metaspace       used 10882K, capacity 11140K, committed 11392K, reserved 1058816K
  class space    used 1439K, capacity 1542K, committed 1664K, reserved 1048576K
Event: 2.801 GC heap after
Heap after GC invocations=2 (full 0):
 PSYoungGen      total 56832K, used 5809K [0x00000000d5580000, 0x00000000d9480000, 0x0000000100000000)
  eden space 49152K, 0% used [0x00000000d5580000,0x00000000d5580000,0x00000000d8580000)
  from space 7680K, 75% used [0x00000000d8d00000,0x00000000d92ac5f8,0x00000000d9480000)
  to   space 7680K, 0% used [0x00000000d8580000,0x00000000d8580000,0x00000000d8d00000)
 ParOldGen       total 130048K, used 16K [0x0000000080000000, 0x0000000087f00000, 0x00000000d5580000)
  object space 130048K, 0% used [0x0000000080000000,0x0000000080004088,0x0000000087f00000)
 Metaspace       used 10882K, capacity 11140K, committed 11392K, reserved 1058816K
  class space    used 1439K, capacity 1542K, committed 1664K, reserved 1048576K
}
Event: 3.633 GC heap before
{Heap before GC invocations=3 (full 0):
 PSYoungGen      total 56832K, used 54961K [0x00000000d5580000, 0x00000000d9480000, 0x0000000100000000)
  eden space 49152K, 100% used [0x00000000d5580000,0x00000000d8580000,0x00000000d8580000)
  from space 7680K, 75% used [0x00000000d8d00000,0x00000000d92ac5f8,0x00000000d9480000)
  to   space 7680K, 0% used [0x00000000d8580000,0x00000000d8580000,0x00000000d8d00000)
 ParOldGen       total 130048K, used 24K [0x0000000080000000, 0x0000000087f00000, 0x00000000d5580000)
  object space 130048K, 0% used [0x0000000080000000,0x0000000080006330,0x0000000087f00000)
 Metaspace       used 16440K, capacity 17084K, committed 17280K, reserved 1064960K
  class space    used 2177K, capacity 2378K, committed 2432K, reserved 1048576K
Event: 3.643 GC heap after
Heap after GC invocations=3 (full 0):
 PSYoungGen      total 56832K, used 7662K [0x00000000d5580000, 0x00000000d9480000, 0x0000000100000000)
  eden space 49152K, 0% used [0x00000000d5580000,0x00000000d5580000,0x00000000d8580000)
  from space 7680K, 99% used [0x00000000d8580000,0x00000000d8cfba18,0x00000000d8d00000)
  to   space 7680K, 0% used [0x00000000d8d00000,0x00000000d8d00000,0x00000000d9480000)
 ParOldGen       total 130048K, used 1358K [0x0000000080000000, 0x0000000087f00000, 0x00000000d5580000)
  object space 130048K, 1% used [0x0000000080000000,0x0000000080153be0,0x0000000087f00000)
 Metaspace       used 16440K, capacity 17084K, committed 17280K, reserved 1064960K
  class space    used 2177K, capacity 2378K, committed 2432K, reserved 1048576K
}

Deoptimization events (10 events):
Event: 3.319 Thread 0x000000001951a000 Uncommon trap: reason=class_check action=maybe_recompile pc=0x0000000002aea758 method=java.util.regex.Matcher.match(II)Z @ 86
Event: 3.348 Thread 0x000000001951a000 Uncommon trap: reason=class_check action=maybe_recompile pc=0x0000000002aea758 method=java.util.regex.Matcher.match(II)Z @ 86
Event: 3.349 Thread 0x000000001951a000 Uncommon trap: reason=class_check action=maybe_recompile pc=0x0000000002aea758 method=java.util.regex.Matcher.match(II)Z @ 86
Event: 3.349 Thread 0x000000001951a000 Uncommon trap: reason=class_check action=maybe_recompile pc=0x0000000002965e10 method=java.util.regex.Matcher.match(II)Z @ 86
Event: 3.493 Thread 0x000000001951a000 Uncommon trap: reason=unstable_if action=reinterpret pc=0x0000000002ae97dc method=java.io.File.getName()Ljava/lang/String; @ 16
Event: 3.844 Thread 0x000000001951a000 Uncommon trap: reason=unstable_if action=reinterpret pc=0x0000000002ae83b0 method=java.util.LinkedHashMap.afterNodeInsertion(Z)V @ 1
Event: 3.844 Thread 0x000000001951a000 Uncommon trap: reason=unstable_if action=reinterpret pc=0x0000000002a29604 method=java.util.HashMap.getNode(ILjava/lang/Object;)Ljava/util/HashMap$Node; @ 129
Event: 3.844 Thread 0x000000001951a000 Uncommon trap: reason=bimorphic action=maybe_recompile pc=0x0000000002cadcbc method=java.util.HashMap.putVal(ILjava/lang/Object;Ljava/lang/Object;ZZ)Ljava/lang/Object; @ 203
Event: 3.851 Thread 0x000000001951a000 Uncommon trap: reason=unstable_if action=reinterpret pc=0x0000000002a28410 method=java.util.HashMap.getNode(ILjava/lang/Object;)Ljava/util/HashMap$Node; @ 129
Event: 3.851 Thread 0x000000001951a000 Uncommon trap: reason=bimorphic action=maybe_recompile pc=0x0000000002cadcbc method=java.util.HashMap.putVal(ILjava/lang/Object;Ljava/lang/Object;ZZ)Ljava/lang/Object; @ 203

Classes redefined (0 events):
No events

Internal exceptions (10 events):
Event: 2.915 Thread 0x0000000019612000 Exception <a 'java/lang/NoSuchMethodError': <clinit>> (0x00000000d5b2b2e8) thrown at [C:\src\AOSP-openjdk-git\hotspot\src\share\vm\prims\jni.cpp, line 1615]
Event: 2.918 Thread 0x0000000019612000 Exception <a 'java/lang/NoSuchMethodError': <clinit>> (0x00000000d5b416f8) thrown at [C:\src\AOSP-openjdk-git\hotspot\src\share\vm\prims\jni.cpp, line 1615]
Event: 2.942 Thread 0x0000000019612000 Exception <a 'java/lang/NoSuchMethodError': <clinit>> (0x00000000d5bbde10) thrown at [C:\src\AOSP-openjdk-git\hotspot\src\share\vm\prims\jni.cpp, line 1615]
Event: 2.951 Thread 0x0000000019612000 Exception <a 'java/lang/NoSuchMethodError': <clinit>> (0x00000000d5bed4a0) thrown at [C:\src\AOSP-openjdk-git\hotspot\src\share\vm\prims\jni.cpp, line 1615]
Event: 2.956 Thread 0x0000000019612000 Exception <a 'java/lang/NoSuchMethodError': <clinit>> (0x00000000d5c1bc28) thrown at [C:\src\AOSP-openjdk-git\hotspot\src\share\vm\prims\jni.cpp, line 1615]
Event: 2.957 Thread 0x0000000019612000 Exception <a 'java/lang/NoSuchMethodError': <clinit>> (0x00000000d5c280a0) thrown at [C:\src\AOSP-openjdk-git\hotspot\src\share\vm\prims\jni.cpp, line 1615]
Event: 3.569 Thread 0x000000001951a000 Exception <a 'java/lang/NoSuchMethodError': java.lang.Object.lambda$and$0(Ljava/util/function/Predicate;Ljava/lang/Object;)Z> (0x00000000d8187ff8) thrown at [C:\src\AOSP-openjdk-git\hotspot\src\share\vm\interpreter\linkResolver.cpp, line 620]
Event: 3.582 Thread 0x000000001951a000 Exception <a 'java/lang/IncompatibleClassChangeError': Found class java.lang.Object, but interface was expected> (0x00000000d81982f0) thrown at [C:\src\AOSP-openjdk-git\hotspot\src\share\vm\interpreter\linkResolver.cpp, line 653]
Event: 3.583 Thread 0x000000001951a000 Exception <a 'java/lang/NoSuchMethodError': java.lang.Object.lambda$or$2(Ljava/util/function/Predicate;Ljava/lang/Object;)Z> (0x00000000d819ce40) thrown at [C:\src\AOSP-openjdk-git\hotspot\src\share\vm\interpreter\linkResolver.cpp, line 620]
Event: 3.905 Thread 0x000000001951a000 Exception <a 'java/lang/NoSuchMethodError': java.lang.Object.lambda$static$0(Lorg/gradle/internal/state/ModelObject;)Ljava/lang/String;> (0x00000000d6956068) thrown at [C:\src\AOSP-openjdk-git\hotspot\src\share\vm\interpreter\linkResolver.cpp, line 620]

Events (10 events):
Event: 3.952 loading class com/google/common/base/Splitter$SplittingIterator
Event: 3.952 loading class com/google/common/base/Splitter$SplittingIterator done
Event: 3.952 loading class com/google/common/base/AbstractIterator
Event: 3.952 loading class com/google/common/base/AbstractIterator done
Event: 3.952 loading class com/google/common/base/Splitter$1$1
Event: 3.952 loading class com/google/common/base/Splitter$1$1 done
Event: 3.953 loading class com/google/common/base/AbstractIterator$State
Event: 3.953 loading class com/google/common/base/AbstractIterator$State done
Event: 3.954 loading class com/google/common/base/AbstractIterator$1
Event: 3.954 loading class com/google/common/base/AbstractIterator$1 done


Dynamic libraries:
0x00007ff72d890000 - 0x00007ff72d8c1000 	C:\Program Files\Android\Android Studio\jre\bin\java.exe
0x00007ff82d3d0000 - 0x00007ff82d5c5000 	C:\Windows\SYSTEM32\ntdll.dll
0x00007ff82b900000 - 0x00007ff82b9bd000 	C:\Windows\System32\KERNEL32.DLL
0x00007ff82add0000 - 0x00007ff82b099000 	C:\Windows\System32\KERNELBASE.dll
0x00007ff82cca0000 - 0x00007ff82cd4c000 	C:\Windows\System32\ADVAPI32.dll
0x00007ff82d0c0000 - 0x00007ff82d15e000 	C:\Windows\System32\msvcrt.dll
0x00007ff82d1b0000 - 0x00007ff82d24c000 	C:\Windows\System32\sechost.dll
0x00007ff82bbd0000 - 0x00007ff82bcfb000 	C:\Windows\System32\RPCRT4.dll
0x00007ff82cd50000 - 0x00007ff82cef0000 	C:\Windows\System32\USER32.dll
0x00007ff82acd0000 - 0x00007ff82acf2000 	C:\Windows\System32\win32u.dll
0x00007ff82bd00000 - 0x00007ff82bd2a000 	C:\Windows\System32\GDI32.dll
0x00007ff82ab10000 - 0x00007ff82ac1b000 	C:\Windows\System32\gdi32full.dll
0x00007ff82ad00000 - 0x00007ff82ad9d000 	C:\Windows\System32\msvcp_win.dll
0x00007ff82b0a0000 - 0x00007ff82b1a0000 	C:\Windows\System32\ucrtbase.dll
0x00007ff829ed0000 - 0x00007ff82a16a000 	C:\Windows\WinSxS\amd64_microsoft.windows.common-controls_6595b64144ccf1df_6.0.19041.844_none_ca00b6081b84eb1d\COMCTL32.dll
0x00007ff82d180000 - 0x00007ff82d1b0000 	C:\Windows\System32\IMM32.DLL
0x0000000077050000 - 0x0000000077122000 	C:\Program Files\Android\Android Studio\jre\jre\bin\msvcr100.dll
0x00000000750f0000 - 0x000000007593b000 	C:\Program Files\Android\Android Studio\jre\jre\bin\server\jvm.dll
0x00007ff82cb30000 - 0x00007ff82cb38000 	C:\Windows\System32\PSAPI.DLL
0x00007ff80ee50000 - 0x00007ff80ee59000 	C:\Windows\SYSTEM32\WSOCK32.dll
0x00007ff82d050000 - 0x00007ff82d0bb000 	C:\Windows\System32\WS2_32.dll
0x00007ff826180000 - 0x00007ff82618a000 	C:\Windows\SYSTEM32\VERSION.dll
0x00007ff818ac0000 - 0x00007ff818ae7000 	C:\Windows\SYSTEM32\WINMM.dll
0x00007ff828840000 - 0x00007ff82884f000 	C:\Program Files\Android\Android Studio\jre\jre\bin\verify.dll
0x00007ff81b080000 - 0x00007ff81b0a9000 	C:\Program Files\Android\Android Studio\jre\jre\bin\java.dll
0x00007ff8254e0000 - 0x00007ff8254f6000 	C:\Program Files\Android\Android Studio\jre\jre\bin\zip.dll
0x00007ff82c080000 - 0x00007ff82c7c2000 	C:\Windows\System32\SHELL32.dll
0x00007ff827fb0000 - 0x00007ff828740000 	C:\Windows\SYSTEM32\windows.storage.dll
0x00007ff82c7d0000 - 0x00007ff82cb25000 	C:\Windows\System32\combase.dll
0x00007ff829e30000 - 0x00007ff829e5c000 	C:\Windows\SYSTEM32\Wldp.dll
0x00007ff82cb40000 - 0x00007ff82cbee000 	C:\Windows\System32\SHCORE.dll
0x00007ff82bec0000 - 0x00007ff82bf15000 	C:\Windows\System32\shlwapi.dll
0x00007ff82aa50000 - 0x00007ff82aa6f000 	C:\Windows\SYSTEM32\profapi.dll
0x00007ff81b060000 - 0x00007ff81b07a000 	C:\Program Files\Android\Android Studio\jre\jre\bin\net.dll
0x00007ff829bb0000 - 0x00007ff829c1a000 	C:\Windows\system32\mswsock.dll
0x00007ff81ac30000 - 0x00007ff81ac43000 	C:\Program Files\Android\Android Studio\jre\jre\bin\nio.dll
0x00007ff8170f0000 - 0x00007ff817117000 	C:\Users\Haidy Hossam\.gradle\native\f6784746aeab05261644944871eae4fe03e0ef1612fff0a4a95f87b438bc6780\windows-amd64\native-platform.dll
0x00007ff8254a0000 - 0x00007ff8254ad000 	C:\Program Files\Android\Android Studio\jre\jre\bin\management.dll
0x00007ff82a530000 - 0x00007ff82a548000 	C:\Windows\SYSTEM32\CRYPTSP.dll
0x00007ff829570000 - 0x00007ff8295a4000 	C:\Windows\system32\rsaenh.dll
0x00007ff82ada0000 - 0x00007ff82adc7000 	C:\Windows\System32\bcrypt.dll
0x00007ff82a9d0000 - 0x00007ff82a9fe000 	C:\Windows\SYSTEM32\USERENV.dll
0x00007ff82b1a0000 - 0x00007ff82b220000 	C:\Windows\System32\bcryptprimitives.dll
0x00007ff829d80000 - 0x00007ff829d8c000 	C:\Windows\SYSTEM32\CRYPTBASE.dll
0x00007ff8298a0000 - 0x00007ff8298db000 	C:\Windows\SYSTEM32\IPHLPAPI.DLL
0x00007ff82d250000 - 0x00007ff82d258000 	C:\Windows\System32\NSI.dll
0x00007ff81dda0000 - 0x00007ff81ddb7000 	C:\Windows\SYSTEM32\dhcpcsvc6.DLL
0x00007ff81dd80000 - 0x00007ff81dd9d000 	C:\Windows\SYSTEM32\dhcpcsvc.DLL
0x00007ff8298e0000 - 0x00007ff8299ab000 	C:\Windows\SYSTEM32\DNSAPI.dll
0x00007ff820570000 - 0x00007ff82057b000 	C:\Windows\SYSTEM32\WINNSI.DLL
0x00007ff82a220000 - 0x00007ff82a404000 	C:\Windows\SYSTEM32\dbghelp.dll

VM Arguments:
jvm_args: -Xmx2048m -Dfile.encoding=UTF-8 -Duser.country=US -Duser.language=en -Duser.variant 
java_command: org.gradle.launcher.daemon.bootstrap.GradleDaemon 6.5
java_class_path (initial): C:\Users\Haidy Hossam\.gradle\wrapper\dists\gradle-6.5-bin\6nifqtx7604sqp1q6g8wikw7p\gradle-6.5\lib\gradle-launcher-6.5.jar
Launcher Type: SUN_STANDARD

Environment Variables:
PATH=C:\Program Files (x86)\VMware\VMware Player\bin\;C:\Program Files (x86)\Common Files\Oracle\Java\javapath;C:\Windows\system32;C:\Windows;C:\Windows\System32\Wbem;C:\Windows\System32\WindowsPowerShell\v1.0\;C:\Windows\System32\OpenSSH\;C:\Program Files\Git\cmd;C:\Program Files (x86)\Windows Kits\8.1\Windows Performance Toolkit\;C:\Users\Haidy Hossam\.dnx\bin;C:\Program Files\Microsoft DNX\Dnvm\;C:\Program Files\Microsoft SQL Server\120\Tools\Binn\;C:\Program Files (x86)\Microsoft SQL Server\100\Tools\Binn\;C:\Program Files\Microsoft SQL Server\100\Tools\Binn\;C:\Program Files\Microsoft SQL Server\100\DTS\Binn\;C:\Program Files\Microsoft SQL Server\Client SDK\ODBC\170\Tools\Binn\;C:\Program Files (x86)\Microsoft SQL Server\150\Tools\Binn\;C:\Program Files\Microsoft SQL Server\150\Tools\Binn\;C:\Program Files\Microsoft SQL Server\150\DTS\Binn\;C:\Program Files (x86)\Microsoft SQL Server\150\DTS\Binn\;C:\Program Files\Azure Data Studio\bin;C:\Users\Haidy Hossam\AppData\Local\Programs\Python\Python37\Scripts\;C:\Users\Haidy Hossam\AppData\Local\Programs\Python\Python37\;C:\Users\Haidy Hossam\AppData\Local\Microsoft\WindowsApps;C:\Program Files\Java\jre1.8.0_281\bin;D:\Programs\ffmpeg-2021-03-16-git-9383885c0d-full_build\ffmpeg-2021-03-16-git-9383885c0d-full_build\bin;C:\Program Files (x86)\Microsoft Visual Studio 14.0\VC\bin\x86_amd64;C:\Program Files (x86)\eSpeak\command_line;C:\Users\Haidy Hossam\.nuget\packages\NuGet.CommandLine\5.9.1\tools;;C:\Program Files\Azure Data Studio\bin;C:\Users\Haidy Hossam\AppData\Local\Programs\Microsoft VS Code\bin
USERNAME=Haidy Hossam
OS=Windows_NT
PROCESSOR_IDENTIFIER=Intel64 Family 6 Model 142 Stepping 12, GenuineIntel



---------------  S Y S T E M  ---------------

OS: Windows 10.0 , 64 bit Build 19041 (10.0.19041.804)

CPU:total 4 (initial active 4) (2 cores per cpu, 2 threads per core) family 6 model 142 stepping 12, cmov, cx8, fxsr, mmx, sse, sse2, sse3, ssse3, sse4.1, sse4.2, popcnt, avx, avx2, aes, clmul, erms, 3dnowpref, lzcnt, ht, tsc, tscinvbit, bmi1, bmi2, adx

Memory: 4k page, physical 12414896k(6079172k free), swap 14315440k(5952116k free)

vm_info: OpenJDK 64-Bit Server VM (25.242-b01) for windows-amd64 JRE (1.8.0_242-release-1644-b01), built by "builder" with MS VC++ 10.0 (VS2010)

time: Wed Jul 07 02:21:13 2021
timezone: Egypt Standard Time
elapsed time: 3 seconds (0d 0h 0m 3s)

