#
# A fatal error has been detected by the Java Runtime Environment:
#
#  EXCEPTION_ACCESS_VIOLATION (0xc0000005) at pc=0x000000007517b7b0, pid=1084, tid=0x00000000000017ac
#
# JRE version: OpenJDK Runtime Environment (8.0_242-b01) (build 1.8.0_242-release-1644-b01)
# Java VM: OpenJDK 64-Bit Server VM (25.242-b01 mixed mode windows-amd64 compressed oops)
# Problematic frame:
# V  [jvm.dll+0x8b7b0]
#
# Failed to write core dump. Minidumps are not enabled by default on client versions of Windows
#
# If you would like to submit a bug report, please visit:
#   
#

---------------  T H R E A D  ---------------

Current thread (0x0000000002dc9800):  GCTaskThread [stack: 0x0000000012b10000,0x0000000012c10000] [id=6060]

siginfo: ExceptionCode=0xc0000005, reading address 0x0000000000000030

Registers:
RAX=0x0000000000000000, RBX=0x00000000d5aef048, RCX=0x00000000d5aef048, RDX=0x0000000000000028
RSP=0x0000000012c0f6c8, RBP=0x0000000000000000, RSI=0x0000000002e9c200, RDI=0x0000000002e9c200
R8 =0x0000000002e9c200, R9 =0x0000000000000009, R10=0x0000000000000008, R11=0x00000000d8690010
R12=0x00000000756e01f0, R13=0x0000000000000000, R14=0x0000000000000000, R15=0x0000000002dc9bf0
RIP=0x000000007517b7b0, EFLAGS=0x0000000000010206

Top of Stack: (sp=0x0000000012c0f6c8)
0x0000000012c0f6c8:   00000000754c27b2 00000000d5b27e08
0x0000000012c0f6d8:   0000000000000003 0000000002e9c200
0x0000000012c0f6e8:   0000000002dbdf00 00000000d8688020
0x0000000012c0f6f8:   00000000754c2efb 00000000d85e9614
0x0000000012c0f708:   0000000012c0f860 0000000000000000
0x0000000012c0f718:   0000000002dbdf00 00000000756e01f0
0x0000000012c0f728:   00000000754c2b20 00000000d868fde8
0x0000000012c0f738:   0000000000000000 0000000002e9c200
0x0000000012c0f748:   0000000002e9c200 00000000d868fde8
0x0000000012c0f758:   00000000754c36c5 00000000d5b27e58
0x0000000012c0f768:   0000000000000000 0000000002e9c200
0x0000000012c0f778:   00000000754c5486 00000000196da958
0x0000000012c0f788:   0000000000000c00 0000000000000000
0x0000000012c0f798:   0000000000000000 0000000002dc9b00
0x0000000012c0f7a8:   000000001b9fc000 000000007570db01
0x0000000012c0f7b8:   00000000752e3001 000072da3fe43b42 

Instructions: (pc=0x000000007517b7b0)
0x000000007517b790:   1c 8f 1d 00 48 8b 9c 24 c0 00 00 00 48 81 c4 b0
0x000000007517b7a0:   00 00 00 5d c3 cc cc cc cc cc cc cc cc cc cc cc
0x000000007517b7b0:   44 8b 42 08 4c 8b ca 45 85 c0 7e 0e 41 f6 c0 01
0x000000007517b7c0:   75 57 41 c1 f8 03 41 8b c0 c3 79 4d 80 3d 7e 97 


Register to memory mapping:

RAX=0x0000000000000000 is an unknown value
RBX=0x00000000d5aef048 is an unknown value
RCX=0x00000000d5aef048 is an unknown value
RDX=0x0000000000000028 is an unknown value
RSP=0x0000000012c0f6c8 is an unknown value
RBP=0x0000000000000000 is an unknown value
RSI=0x0000000002e9c200 is an unknown value
RDI=0x0000000002e9c200 is an unknown value
R8 =0x0000000002e9c200 is an unknown value
R9 =0x0000000000000009 is an unknown value
R10=0x0000000000000008 is an unknown value
R11=0x00000000d8690010 is an oop

[error occurred during error reporting (printing register info), id 0xc0000005]

Stack: [0x0000000012b10000,0x0000000012c10000],  sp=0x0000000012c0f6c8,  free space=1021k
Native frames: (J=compiled Java code, j=interpreted, Vv=VM code, C=native code)


---------------  P R O C E S S  ---------------

Java Threads: ( => current thread )
  0x000000001b9fa000 JavaThread "Cache worker for file hash cache (D:\Projects\GP\Final\VClone\.gradle\6.5\fileHashes)" [_thread_blocked, id=13176, stack(0x0000000020700000,0x0000000020800000)]
  0x000000001b9fc000 JavaThread "Cache worker for file hash cache (C:\Users\Haidy Hossam\.gradle\caches\6.5\fileHashes)" [_thread_blocked, id=7544, stack(0x000000001dc20000,0x000000001dd20000)]
  0x000000001b9f9000 JavaThread "File lock request listener" [_thread_in_native, id=13096, stack(0x000000001db20000,0x000000001dc20000)]
  0x0000000019b56800 JavaThread "Cache worker for journal cache (C:\Users\Haidy Hossam\.gradle\caches\journal-1)" [_thread_blocked, id=6716, stack(0x000000001d920000,0x000000001da20000)]
  0x0000000019e4b000 JavaThread "Thread-9" [_thread_blocked, id=11680, stack(0x000000001d620000,0x000000001d720000)]
  0x0000000019d0e000 JavaThread "Stdin handler" [_thread_blocked, id=9340, stack(0x000000001d520000,0x000000001d620000)]
  0x0000000019d0d800 JavaThread "Asynchronous log dispatcher for DefaultDaemonConnection: socket connection from /127.0.0.1:1094 to /127.0.0.1:1095" [_thread_blocked, id=3676, stack(0x000000001d420000,0x000000001d520000)]
  0x0000000019d76000 JavaThread "Daemon worker" [_thread_blocked, id=10052, stack(0x000000001d320000,0x000000001d420000)]
  0x000000001b7c2000 JavaThread "Cancel handler" [_thread_blocked, id=11940, stack(0x000000001d220000,0x000000001d320000)]
  0x0000000019cf9800 JavaThread "Handler for socket connection from /127.0.0.1:1094 to /127.0.0.1:1095" [_thread_in_native, id=1340, stack(0x000000001d120000,0x000000001d220000)]
  0x00000000195a8800 JavaThread "Daemon" [_thread_blocked, id=10380, stack(0x000000001d020000,0x000000001d120000)]
  0x00000000195bb000 JavaThread "Daemon periodic checks" [_thread_blocked, id=12172, stack(0x000000001cf20000,0x000000001d020000)]
  0x000000001b097000 JavaThread "Incoming local TCP Connector on port 1094" [_thread_in_native, id=6320, stack(0x000000001cae0000,0x000000001cbe0000)]
  0x000000001b5b6800 JavaThread "Daemon health stats" [_thread_blocked, id=2128, stack(0x000000001c4a0000,0x000000001c5a0000)]
  0x0000000019528800 JavaThread "Service Thread" daemon [_thread_blocked, id=5172, stack(0x0000000019900000,0x0000000019a00000)]
  0x0000000017bc4800 JavaThread "C1 CompilerThread2" daemon [_thread_blocked, id=3016, stack(0x0000000019400000,0x0000000019500000)]
  0x0000000017bba800 JavaThread "C2 CompilerThread1" daemon [_thread_blocked, id=7392, stack(0x0000000019300000,0x0000000019400000)]
  0x0000000017bb6800 JavaThread "C2 CompilerThread0" daemon [_thread_blocked, id=11704, stack(0x0000000019200000,0x0000000019300000)]
  0x0000000017bb5000 JavaThread "Attach Listener" daemon [_thread_blocked, id=11100, stack(0x0000000019100000,0x0000000019200000)]
  0x0000000017bb2000 JavaThread "Signal Dispatcher" daemon [_thread_blocked, id=5512, stack(0x0000000019000000,0x0000000019100000)]
  0x0000000002eac000 JavaThread "Finalizer" daemon [_thread_blocked, id=11112, stack(0x0000000018e00000,0x0000000018f00000)]
  0x0000000017b99000 JavaThread "Reference Handler" daemon [_thread_blocked, id=12956, stack(0x0000000018d00000,0x0000000018e00000)]
  0x0000000002db2800 JavaThread "main" [_thread_blocked, id=13032, stack(0x00000000014a0000,0x00000000015a0000)]

Other Threads:
  0x0000000017b75800 VMThread [stack: 0x0000000018c00000,0x0000000018d00000] [id=12028]
  0x0000000017bcf000 WatcherThread [stack: 0x0000000019a00000,0x0000000019b00000] [id=10360]

=>0x0000000002dc9800 (exited) GCTaskThread [stack: 0x0000000012b10000,0x0000000012c10000] [id=6060]

VM state:at safepoint (normal execution)

VM Mutex/Monitor currently owned by a thread:  ([mutex/lock_event])
[0x000000000308def0] Threads_lock - owner thread: 0x0000000017b75800
[0x000000000308db70] Heap_lock - owner thread: 0x0000000017bc4800
[0x0000000002db0f50] MethodData_lock - owner thread: 0x0000000017bc4800

heap address: 0x0000000080000000, size: 2048 MB, Compressed Oops mode: 32-bit
Narrow klass base: 0x0000000000000000, Narrow klass shift: 3
Compressed class space size: 1073741824 Address: 0x0000000100000000

Heap:
 PSYoungGen      total 56832K, used 14535K [0x00000000d5580000, 0x00000000dc480000, 0x0000000100000000)
  eden space 49152K, 13% used [0x00000000d5580000,0x00000000d5c37c80,0x00000000d8580000)
  from space 7680K, 99% used [0x00000000d8d00000,0x00000000d947a018,0x00000000d9480000)
  to   space 7680K, 87% used [0x00000000d8580000,0x00000000d8c10030,0x00000000d8d00000)
 ParOldGen       total 130048K, used 3668K [0x0000000080000000, 0x0000000087f00000, 0x00000000d5580000)
  object space 130048K, 2% used [0x0000000080000000,0x0000000080395140,0x0000000087f00000)
 Metaspace       used 20470K, capacity 21146K, committed 21248K, reserved 1067008K
  class space    used 2852K, capacity 3033K, committed 3072K, reserved 1048576K

Card table byte_map: [0x0000000012450000,0x0000000012860000] byte_map_base: 0x0000000012050000

Marking Bits: (ParMarkBitMap*) 0x00000000758bf030
 Begin Bits: [0x0000000012e10000, 0x0000000014e10000)
 End Bits:   [0x0000000014e10000, 0x0000000016e10000)

Polling page: 0x0000000001090000

CodeCache: size=245760Kb used=6661Kb max_used=6696Kb free=239099Kb
 bounds [0x0000000003090000, 0x0000000003720000, 0x0000000012090000]
 total_blobs=2266 nmethods=1842 adapters=337
 compilation: enabled

Compilation events (10 events):
Event: 5.032 Thread 0x0000000017bc4800 nmethod 1843 0x00000000036fa910 code [0x00000000036faa60, 0x00000000036fac10]
Event: 5.032 Thread 0x0000000017bb6800 nmethod 1837 0x00000000036fdcd0 code [0x00000000036fde20, 0x00000000036fe248]
Event: 5.037 Thread 0x0000000017bc4800 1844       3       java.lang.invoke.MemberName::isCallerSensitive (7 bytes)
Event: 5.038 Thread 0x0000000017bba800 nmethod 1599 0x00000000036fe390 code [0x00000000036ff020, 0x000000000370a860]
Event: 5.038 Thread 0x0000000017bc4800 nmethod 1844 0x00000000036c2490 code [0x00000000036c2600, 0x00000000036c2870]
Event: 5.038 Thread 0x0000000017bc4800 1845       3       java.lang.invoke.MethodHandles$Lookup::checkAccess (250 bytes)
Event: 5.040 Thread 0x0000000017bc4800 nmethod 1845 0x00000000036fbb50 code [0x00000000036fbe00, 0x00000000036fd688]
Event: 5.041 Thread 0x0000000017bc4800 1846       3       java.lang.invoke.InvokerBytecodeGenerator::storeInsnOpcode (86 bytes)
Event: 5.041 Thread 0x0000000017bc4800 nmethod 1846 0x00000000036f9250 code [0x00000000036f9460, 0x00000000036f9fb8]
Event: 5.041 Thread 0x0000000017bc4800 1847       3       jdk.internal.org.objectweb.asm.ClassWriter::toByteArray (1289 bytes)

GC Heap History (9 events):
Event: 1.615 GC heap before
{Heap before GC invocations=1 (full 0):
 PSYoungGen      total 56832K, used 49152K [0x00000000d5580000, 0x00000000d9480000, 0x0000000100000000)
  eden space 49152K, 100% used [0x00000000d5580000,0x00000000d8580000,0x00000000d8580000)
  from space 7680K, 0% used [0x00000000d8d00000,0x00000000d8d00000,0x00000000d9480000)
  to   space 7680K, 0% used [0x00000000d8580000,0x00000000d8580000,0x00000000d8d00000)
 ParOldGen       total 130048K, used 0K [0x0000000080000000, 0x0000000087f00000, 0x00000000d5580000)
  object space 130048K, 0% used [0x0000000080000000,0x0000000080000000,0x0000000087f00000)
 Metaspace       used 7278K, capacity 7518K, committed 7680K, reserved 1056768K
  class space    used 890K, capacity 973K, committed 1024K, reserved 1048576K
Event: 1.623 GC heap after
Heap after GC invocations=1 (full 0):
 PSYoungGen      total 56832K, used 4680K [0x00000000d5580000, 0x00000000d9480000, 0x0000000100000000)
  eden space 49152K, 0% used [0x00000000d5580000,0x00000000d5580000,0x00000000d8580000)
  from space 7680K, 60% used [0x00000000d8580000,0x00000000d8a12028,0x00000000d8d00000)
  to   space 7680K, 0% used [0x00000000d8d00000,0x00000000d8d00000,0x00000000d9480000)
 ParOldGen       total 130048K, used 16K [0x0000000080000000, 0x0000000087f00000, 0x00000000d5580000)
  object space 130048K, 0% used [0x0000000080000000,0x0000000080004000,0x0000000087f00000)
 Metaspace       used 7278K, capacity 7518K, committed 7680K, reserved 1056768K
  class space    used 890K, capacity 973K, committed 1024K, reserved 1048576K
}
Event: 3.139 GC heap before
{Heap before GC invocations=2 (full 0):
 PSYoungGen      total 56832K, used 53832K [0x00000000d5580000, 0x00000000d9480000, 0x0000000100000000)
  eden space 49152K, 100% used [0x00000000d5580000,0x00000000d8580000,0x00000000d8580000)
  from space 7680K, 60% used [0x00000000d8580000,0x00000000d8a12028,0x00000000d8d00000)
  to   space 7680K, 0% used [0x00000000d8d00000,0x00000000d8d00000,0x00000000d9480000)
 ParOldGen       total 130048K, used 16K [0x0000000080000000, 0x0000000087f00000, 0x00000000d5580000)
  object space 130048K, 0% used [0x0000000080000000,0x0000000080004018,0x0000000087f00000)
 Metaspace       used 10899K, capacity 11140K, committed 11392K, reserved 1058816K
  class space    used 1439K, capacity 1542K, committed 1664K, reserved 1048576K
Event: 3.148 GC heap after
Heap after GC invocations=2 (full 0):
 PSYoungGen      total 56832K, used 5889K [0x00000000d5580000, 0x00000000d9480000, 0x0000000100000000)
  eden space 49152K, 0% used [0x00000000d5580000,0x00000000d5580000,0x00000000d8580000)
  from space 7680K, 76% used [0x00000000d8d00000,0x00000000d92c05e8,0x00000000d9480000)
  to   space 7680K, 0% used [0x00000000d8580000,0x00000000d8580000,0x00000000d8d00000)
 ParOldGen       total 130048K, used 24K [0x0000000080000000, 0x0000000087f00000, 0x00000000d5580000)
  object space 130048K, 0% used [0x0000000080000000,0x0000000080006018,0x0000000087f00000)
 Metaspace       used 10899K, capacity 11140K, committed 11392K, reserved 1058816K
  class space    used 1439K, capacity 1542K, committed 1664K, reserved 1048576K
}
Event: 3.938 GC heap before
{Heap before GC invocations=3 (full 0):
 PSYoungGen      total 56832K, used 55041K [0x00000000d5580000, 0x00000000d9480000, 0x0000000100000000)
  eden space 49152K, 100% used [0x00000000d5580000,0x00000000d8580000,0x00000000d8580000)
  from space 7680K, 76% used [0x00000000d8d00000,0x00000000d92c05e8,0x00000000d9480000)
  to   space 7680K, 0% used [0x00000000d8580000,0x00000000d8580000,0x00000000d8d00000)
 ParOldGen       total 130048K, used 29K [0x0000000080000000, 0x0000000087f00000, 0x00000000d5580000)
  object space 130048K, 0% used [0x0000000080000000,0x00000000800075f0,0x0000000087f00000)
 Metaspace       used 16448K, capacity 17084K, committed 17280K, reserved 1064960K
  class space    used 2178K, capacity 2378K, committed 2432K, reserved 1048576K
Event: 3.949 GC heap after
Heap after GC invocations=3 (full 0):
 PSYoungGen      total 56832K, used 7651K [0x00000000d5580000, 0x00000000d9480000, 0x0000000100000000)
  eden space 49152K, 0% used [0x00000000d5580000,0x00000000d5580000,0x00000000d8580000)
  from space 7680K, 99% used [0x00000000d8580000,0x00000000d8cf8d40,0x00000000d8d00000)
  to   space 7680K, 0% used [0x00000000d8d00000,0x00000000d8d00000,0x00000000d9480000)
 ParOldGen       total 130048K, used 1389K [0x0000000080000000, 0x0000000087f00000, 0x00000000d5580000)
  object space 130048K, 1% used [0x0000000080000000,0x000000008015b588,0x0000000087f00000)
 Metaspace       used 16448K, capacity 17084K, committed 17280K, reserved 1064960K
  class space    used 2178K, capacity 2378K, committed 2432K, reserved 1048576K
}
Event: 4.879 GC heap before
{Heap before GC invocations=4 (full 0):
 PSYoungGen      total 56832K, used 56803K [0x00000000d5580000, 0x00000000d9480000, 0x0000000100000000)
  eden space 49152K, 100% used [0x00000000d5580000,0x00000000d8580000,0x00000000d8580000)
  from space 7680K, 99% used [0x00000000d8580000,0x00000000d8cf8d40,0x00000000d8d00000)
  to   space 7680K, 0% used [0x00000000d8d00000,0x00000000d8d00000,0x00000000d9480000)
 ParOldGen       total 130048K, used 1389K [0x0000000080000000, 0x0000000087f00000, 0x00000000d5580000)
  object space 130048K, 1% used [0x0000000080000000,0x000000008015b588,0x0000000087f00000)
 Metaspace       used 19867K, capacity 20560K, committed 20736K, reserved 1067008K
  class space    used 2753K, capacity 2952K, committed 3072K, reserved 1048576K
Event: 4.897 GC heap after
Heap after GC invocations=4 (full 0):
 PSYoungGen      total 56832K, used 7656K [0x00000000d5580000, 0x00000000dc480000, 0x0000000100000000)
  eden space 49152K, 0% used [0x00000000d5580000,0x00000000d5580000,0x00000000d8580000)
  from space 7680K, 99% used [0x00000000d8d00000,0x00000000d947a018,0x00000000d9480000)
  to   space 7680K, 0% used [0x00000000d8580000,0x00000000d8580000,0x00000000d8d00000)
 ParOldGen       total 130048K, used 3660K [0x0000000080000000, 0x0000000087f00000, 0x00000000d5580000)
  object space 130048K, 2% used [0x0000000080000000,0x0000000080393140,0x0000000087f00000)
 Metaspace       used 19867K, capacity 20560K, committed 20736K, reserved 1067008K
  class space    used 2753K, capacity 2952K, committed 3072K, reserved 1048576K
}
Event: 5.042 GC heap before
{Heap before GC invocations=5 (full 0):
 PSYoungGen      total 56832K, used 14535K [0x00000000d5580000, 0x00000000dc480000, 0x0000000100000000)
  eden space 49152K, 13% used [0x00000000d5580000,0x00000000d5c37c80,0x00000000d8580000)
  from space 7680K, 99% used [0x00000000d8d00000,0x00000000d947a018,0x00000000d9480000)
  to   space 7680K, 0% used [0x00000000d8580000,0x00000000d8580000,0x00000000d8d00000)
 ParOldGen       total 130048K, used 3660K [0x0000000080000000, 0x0000000087f00000, 0x00000000d5580000)
  object space 130048K, 2% used [0x0000000080000000,0x0000000080393140,0x0000000087f00000)
 Metaspace       used 20470K, capacity 21146K, committed 21248K, reserved 1067008K
  class space    used 2852K, capacity 3033K, committed 3072K, reserved 1048576K

Deoptimization events (10 events):
Event: 3.702 Thread 0x0000000019d76000 Uncommon trap: reason=class_check action=maybe_recompile pc=0x00000000033e5398 method=java.util.regex.Matcher.match(II)Z @ 86
Event: 3.702 Thread 0x0000000019d76000 Uncommon trap: reason=class_check action=maybe_recompile pc=0x0000000003251590 method=java.util.regex.Matcher.match(II)Z @ 86
Event: 3.830 Thread 0x0000000019d76000 Uncommon trap: reason=unstable_if action=reinterpret pc=0x00000000033e81dc method=java.io.File.getName()Ljava/lang/String; @ 16
Event: 4.175 Thread 0x0000000019d76000 Uncommon trap: reason=unstable_if action=reinterpret pc=0x00000000033e1930 method=java.util.LinkedHashMap.afterNodeInsertion(Z)V @ 1
Event: 4.177 Thread 0x0000000019d76000 Uncommon trap: reason=unstable_if action=reinterpret pc=0x0000000003326f84 method=java.util.HashMap.getNode(ILjava/lang/Object;)Ljava/util/HashMap$Node; @ 129
Event: 4.177 Thread 0x0000000019d76000 Uncommon trap: reason=bimorphic action=maybe_recompile pc=0x00000000035a0c7c method=java.util.HashMap.putVal(ILjava/lang/Object;Ljava/lang/Object;ZZ)Ljava/lang/Object; @ 203
Event: 4.180 Thread 0x0000000019d76000 Uncommon trap: reason=unstable_if action=reinterpret pc=0x0000000003322d48 method=java.util.HashMap.getNode(ILjava/lang/Object;)Ljava/util/HashMap$Node; @ 129
Event: 4.180 Thread 0x0000000019d76000 Uncommon trap: reason=bimorphic action=maybe_recompile pc=0x00000000035a0c7c method=java.util.HashMap.putVal(ILjava/lang/Object;Ljava/lang/Object;ZZ)Ljava/lang/Object; @ 203
Event: 4.264 Thread 0x0000000019d76000 Uncommon trap: reason=unstable_if action=reinterpret pc=0x0000000003475b40 method=sun.nio.cs.UTF_8$Decoder.decodeArrayLoop(Ljava/nio/ByteBuffer;Ljava/nio/CharBuffer;)Ljava/nio/charset/CoderResult; @ 110
Event: 4.407 Thread 0x0000000019d76000 Uncommon trap: reason=unstable_if action=reinterpret pc=0x00000000035c44cc method=java.util.jar.Attributes$Name.isDigit(C)Z @ 3

Classes redefined (0 events):
No events

Internal exceptions (10 events):
Event: 3.294 Thread 0x0000000019cf9800 Exception <a 'java/lang/NoSuchMethodError': <clinit>> (0x00000000d5b7eea8) thrown at [C:\src\AOSP-openjdk-git\hotspot\src\share\vm\prims\jni.cpp, line 1615]
Event: 3.313 Thread 0x0000000019cf9800 Exception <a 'java/lang/NoSuchMethodError': <clinit>> (0x00000000d5bfae48) thrown at [C:\src\AOSP-openjdk-git\hotspot\src\share\vm\prims\jni.cpp, line 1615]
Event: 3.333 Thread 0x0000000019cf9800 Exception <a 'java/lang/NoSuchMethodError': <clinit>> (0x00000000d5c2a538) thrown at [C:\src\AOSP-openjdk-git\hotspot\src\share\vm\prims\jni.cpp, line 1615]
Event: 3.345 Thread 0x0000000019cf9800 Exception <a 'java/lang/NoSuchMethodError': <clinit>> (0x00000000d5c58cb0) thrown at [C:\src\AOSP-openjdk-git\hotspot\src\share\vm\prims\jni.cpp, line 1615]
Event: 3.346 Thread 0x0000000019cf9800 Exception <a 'java/lang/NoSuchMethodError': <clinit>> (0x00000000d5c65128) thrown at [C:\src\AOSP-openjdk-git\hotspot\src\share\vm\prims\jni.cpp, line 1615]
Event: 3.887 Thread 0x0000000019d76000 Exception <a 'java/lang/NoSuchMethodError': java.lang.Object.lambda$and$0(Ljava/util/function/Predicate;Ljava/lang/Object;)Z> (0x00000000d8187bd8) thrown at [C:\src\AOSP-openjdk-git\hotspot\src\share\vm\interpreter\linkResolver.cpp, line 620]
Event: 3.891 Thread 0x0000000019d76000 Exception <a 'java/lang/IncompatibleClassChangeError': Found class java.lang.Object, but interface was expected> (0x00000000d8197ed0) thrown at [C:\src\AOSP-openjdk-git\hotspot\src\share\vm\interpreter\linkResolver.cpp, line 653]
Event: 3.894 Thread 0x0000000019d76000 Exception <a 'java/lang/NoSuchMethodError': java.lang.Object.lambda$or$2(Ljava/util/function/Predicate;Ljava/lang/Object;)Z> (0x00000000d819ca20) thrown at [C:\src\AOSP-openjdk-git\hotspot\src\share\vm\interpreter\linkResolver.cpp, line 620]
Event: 4.247 Thread 0x0000000019d76000 Exception <a 'java/lang/NoSuchMethodError': java.lang.Object.lambda$static$0(Lorg/gradle/internal/state/ModelObject;)Ljava/lang/String;> (0x00000000d697f378) thrown at [C:\src\AOSP-openjdk-git\hotspot\src\share\vm\interpreter\linkResolver.cpp, line 620]
Event: 4.799 Thread 0x0000000019d76000 Exception <a 'java/lang/NoSuchMethodError': java.lang.Object.lambda$static$1(Lorg/gradle/internal/snapshot/SnapshotHierarchy$DiffCapturingUpdateFunction;)Lorg/gradle/internal/snapshot/AtomicSnapshotHierarchyReference$UpdateFunction;> (0x00000000d807e360) 

Events (10 events):
Event: 5.038 loading class org/gradle/internal/snapshot/SnapshotHierarchy$DiffCapturingUpdateFunction done
Event: 5.038 loading class org/gradle/internal/snapshot/SnapshotHierarchy$NodeDiffListener$1
Event: 5.038 loading class org/gradle/internal/snapshot/SnapshotHierarchy$NodeDiffListener$1 done
Event: 5.039 loading class org/gradle/internal/snapshot/VfsRelativePath
Event: 5.039 loading class org/gradle/internal/snapshot/VfsRelativePath done
Event: 5.040 loading class org/gradle/internal/snapshot/PathUtil
Event: 5.040 loading class org/gradle/internal/snapshot/PathUtil done
Event: 5.042 loading class org/gradle/internal/snapshot/AbstractCompleteFileSystemLocationSnapshot$PathCompressingSnapshotWrapper
Event: 5.042 loading class org/gradle/internal/snapshot/AbstractCompleteFileSystemLocationSnapshot$PathCompressingSnapshotWrapper done
Event: 5.042 Executing VM operation: CollectForMetadataAllocation


Dynamic libraries:
0x00007ff72d890000 - 0x00007ff72d8c1000 	C:\Program Files\Android\Android Studio\jre\bin\java.exe
0x00007ff82d3d0000 - 0x00007ff82d5c5000 	C:\Windows\SYSTEM32\ntdll.dll
0x00007ff82b900000 - 0x00007ff82b9bd000 	C:\Windows\System32\KERNEL32.DLL
0x00007ff82add0000 - 0x00007ff82b099000 	C:\Windows\System32\KERNELBASE.dll
0x00007ff82cca0000 - 0x00007ff82cd4c000 	C:\Windows\System32\ADVAPI32.dll
0x00007ff82d0c0000 - 0x00007ff82d15e000 	C:\Windows\System32\msvcrt.dll
0x00007ff82d1b0000 - 0x00007ff82d24c000 	C:\Windows\System32\sechost.dll
0x00007ff82bbd0000 - 0x00007ff82bcfb000 	C:\Windows\System32\RPCRT4.dll
0x00007ff82cd50000 - 0x00007ff82cef0000 	C:\Windows\System32\USER32.dll
0x00007ff82acd0000 - 0x00007ff82acf2000 	C:\Windows\System32\win32u.dll
0x00007ff82bd00000 - 0x00007ff82bd2a000 	C:\Windows\System32\GDI32.dll
0x00007ff82ab10000 - 0x00007ff82ac1b000 	C:\Windows\System32\gdi32full.dll
0x00007ff82ad00000 - 0x00007ff82ad9d000 	C:\Windows\System32\msvcp_win.dll
0x00007ff82b0a0000 - 0x00007ff82b1a0000 	C:\Windows\System32\ucrtbase.dll
0x00007ff829ed0000 - 0x00007ff82a16a000 	C:\Windows\WinSxS\amd64_microsoft.windows.common-controls_6595b64144ccf1df_6.0.19041.844_none_ca00b6081b84eb1d\COMCTL32.dll
0x00007ff82d180000 - 0x00007ff82d1b0000 	C:\Windows\System32\IMM32.DLL
0x0000000077050000 - 0x0000000077122000 	C:\Program Files\Android\Android Studio\jre\jre\bin\msvcr100.dll
0x00000000750f0000 - 0x000000007593b000 	C:\Program Files\Android\Android Studio\jre\jre\bin\server\jvm.dll
0x00007ff82cb30000 - 0x00007ff82cb38000 	C:\Windows\System32\PSAPI.DLL
0x00007ff80ee50000 - 0x00007ff80ee59000 	C:\Windows\SYSTEM32\WSOCK32.dll
0x00007ff82d050000 - 0x00007ff82d0bb000 	C:\Windows\System32\WS2_32.dll
0x00007ff818ac0000 - 0x00007ff818ae7000 	C:\Windows\SYSTEM32\WINMM.dll
0x00007ff826180000 - 0x00007ff82618a000 	C:\Windows\SYSTEM32\VERSION.dll
0x00007ff828840000 - 0x00007ff82884f000 	C:\Program Files\Android\Android Studio\jre\jre\bin\verify.dll
0x00007ff81b080000 - 0x00007ff81b0a9000 	C:\Program Files\Android\Android Studio\jre\jre\bin\java.dll
0x00007ff8254e0000 - 0x00007ff8254f6000 	C:\Program Files\Android\Android Studio\jre\jre\bin\zip.dll
0x00007ff82c080000 - 0x00007ff82c7c2000 	C:\Windows\System32\SHELL32.dll
0x00007ff827fb0000 - 0x00007ff828740000 	C:\Windows\SYSTEM32\windows.storage.dll
0x00007ff82c7d0000 - 0x00007ff82cb25000 	C:\Windows\System32\combase.dll
0x00007ff829e30000 - 0x00007ff829e5c000 	C:\Windows\SYSTEM32\Wldp.dll
0x00007ff82cb40000 - 0x00007ff82cbee000 	C:\Windows\System32\SHCORE.dll
0x00007ff82bec0000 - 0x00007ff82bf15000 	C:\Windows\System32\shlwapi.dll
0x00007ff82aa50000 - 0x00007ff82aa6f000 	C:\Windows\SYSTEM32\profapi.dll
0x00007ff81b060000 - 0x00007ff81b07a000 	C:\Program Files\Android\Android Studio\jre\jre\bin\net.dll
0x00007ff829bb0000 - 0x00007ff829c1a000 	C:\Windows\system32\mswsock.dll
0x00007ff81ac30000 - 0x00007ff81ac43000 	C:\Program Files\Android\Android Studio\jre\jre\bin\nio.dll
0x00007ff8170f0000 - 0x00007ff817117000 	C:\Users\Haidy Hossam\.gradle\native\f6784746aeab05261644944871eae4fe03e0ef1612fff0a4a95f87b438bc6780\windows-amd64\native-platform.dll
0x00007ff8254a0000 - 0x00007ff8254ad000 	C:\Program Files\Android\Android Studio\jre\jre\bin\management.dll
0x00007ff82a530000 - 0x00007ff82a548000 	C:\Windows\SYSTEM32\CRYPTSP.dll
0x00007ff829570000 - 0x00007ff8295a4000 	C:\Windows\system32\rsaenh.dll
0x00007ff82ada0000 - 0x00007ff82adc7000 	C:\Windows\System32\bcrypt.dll
0x00007ff82a9d0000 - 0x00007ff82a9fe000 	C:\Windows\SYSTEM32\USERENV.dll
0x00007ff82b1a0000 - 0x00007ff82b220000 	C:\Windows\System32\bcryptprimitives.dll
0x00007ff829d80000 - 0x00007ff829d8c000 	C:\Windows\SYSTEM32\CRYPTBASE.dll
0x00007ff8298a0000 - 0x00007ff8298db000 	C:\Windows\SYSTEM32\IPHLPAPI.DLL
0x00007ff82d250000 - 0x00007ff82d258000 	C:\Windows\System32\NSI.dll
0x00007ff81dda0000 - 0x00007ff81ddb7000 	C:\Windows\SYSTEM32\dhcpcsvc6.DLL
0x00007ff81dd80000 - 0x00007ff81dd9d000 	C:\Windows\SYSTEM32\dhcpcsvc.DLL
0x00007ff8298e0000 - 0x00007ff8299ab000 	C:\Windows\SYSTEM32\DNSAPI.dll
0x00007ff820570000 - 0x00007ff82057b000 	C:\Windows\SYSTEM32\WINNSI.DLL
0x00007ff82a220000 - 0x00007ff82a404000 	C:\Windows\SYSTEM32\dbghelp.dll

VM Arguments:
jvm_args: -Xmx2048m -Dfile.encoding=UTF-8 -Duser.country=US -Duser.language=en -Duser.variant 
java_command: org.gradle.launcher.daemon.bootstrap.GradleDaemon 6.5
java_class_path (initial): C:\Users\Haidy Hossam\.gradle\wrapper\dists\gradle-6.5-bin\6nifqtx7604sqp1q6g8wikw7p\gradle-6.5\lib\gradle-launcher-6.5.jar
Launcher Type: SUN_STANDARD

Environment Variables:
PATH=C:\Program Files (x86)\VMware\VMware Player\bin\;C:\Program Files (x86)\Common Files\Oracle\Java\javapath;C:\Windows\system32;C:\Windows;C:\Windows\System32\Wbem;C:\Windows\System32\WindowsPowerShell\v1.0\;C:\Windows\System32\OpenSSH\;C:\Program Files\Git\cmd;C:\Program Files (x86)\Windows Kits\8.1\Windows Performance Toolkit\;C:\Users\Haidy Hossam\.dnx\bin;C:\Program Files\Microsoft DNX\Dnvm\;C:\Program Files\Microsoft SQL Server\120\Tools\Binn\;C:\Program Files (x86)\Microsoft SQL Server\100\Tools\Binn\;C:\Program Files\Microsoft SQL Server\100\Tools\Binn\;C:\Program Files\Microsoft SQL Server\100\DTS\Binn\;C:\Program Files\Microsoft SQL Server\Client SDK\ODBC\170\Tools\Binn\;C:\Program Files (x86)\Microsoft SQL Server\150\Tools\Binn\;C:\Program Files\Microsoft SQL Server\150\Tools\Binn\;C:\Program Files\Microsoft SQL Server\150\DTS\Binn\;C:\Program Files (x86)\Microsoft SQL Server\150\DTS\Binn\;C:\Program Files\Azure Data Studio\bin;C:\Users\Haidy Hossam\AppData\Local\Programs\Python\Python37\Scripts\;C:\Users\Haidy Hossam\AppData\Local\Programs\Python\Python37\;C:\Users\Haidy Hossam\AppData\Local\Microsoft\WindowsApps;C:\Program Files\Java\jre1.8.0_281\bin;D:\Programs\ffmpeg-2021-03-16-git-9383885c0d-full_build\ffmpeg-2021-03-16-git-9383885c0d-full_build\bin;C:\Program Files (x86)\Microsoft Visual Studio 14.0\VC\bin\x86_amd64;C:\Program Files (x86)\eSpeak\command_line;C:\Users\Haidy Hossam\.nuget\packages\NuGet.CommandLine\5.9.1\tools;;C:\Program Files\Azure Data Studio\bin;C:\Users\Haidy Hossam\AppData\Local\Programs\Microsoft VS Code\bin
USERNAME=Haidy Hossam
OS=Windows_NT
PROCESSOR_IDENTIFIER=Intel64 Family 6 Model 142 Stepping 12, GenuineIntel



---------------  S Y S T E M  ---------------

OS: Windows 10.0 , 64 bit Build 19041 (10.0.19041.804)

CPU:total 4 (initial active 4) (2 cores per cpu, 2 threads per core) family 6 model 142 stepping 12, cmov, cx8, fxsr, mmx, sse, sse2, sse3, ssse3, sse4.1, sse4.2, popcnt, avx, avx2, aes, clmul, erms, 3dnowpref, lzcnt, ht, tsc, tscinvbit, bmi1, bmi2, adx

Memory: 4k page, physical 12414896k(5944032k free), swap 14315440k(5699216k free)

vm_info: OpenJDK 64-Bit Server VM (25.242-b01) for windows-amd64 JRE (1.8.0_242-release-1644-b01), built by "builder" with MS VC++ 10.0 (VS2010)

time: Wed Jul 07 02:27:36 2021
timezone: Egypt Standard Time
elapsed time: 5 seconds (0d 0h 0m 5s)

